// 同步 ID: 94ca3ec1 @ Sun Jul 12 05:35:07 UTC 2026
// 同步 ID: c7771932 @ Sun Jul 12 09:54:00 UTC 2026
// 同步 ID: 00b3d5e1 @ Sun Jul 12 11:48:28 UTC 2026
// 重构日志: 4200dfa4
// 重构日志: 8564900f
// 重构日志: ff15052e
// 重构日志: 070fa900
// 重构日志: ab6c1b42
// 重构日志: f5e25276
// 重构日志: 541963e5
// 同步 ID: 94d543ab @ Wed Jul 15 01:48:13 UTC 2026
// 重构日志: f8506beb
// 重构日志: 84365e26
// 重构日志: 7cb93bec
// 重构日志: 74ebd925
// 同步 ID: 45233eea @ Sat Jul 18 04:33:58 UTC 2026
// 重构日志: d0c51e3a
// 重构日志: 7ccd902b
// 同步 ID: e54f65a8 @ Sat Jul 18 12:17:10 UTC 2026
// 同步 ID: 63180409 @ Sat Jul 18 13:12:17 UTC 2026
// 重构日志: f8d46a58
// 重构日志: 8e2811c7
// 同步 ID: ae997be8 @ Sun Jul 19 10:05:46 UTC 2026
// 同步 ID: 9769c8ea @ Sun Jul 19 16:07:09 UTC 2026
// 重构日志: 9653e2a8
// 重构日志: 6bde5a6e
// 重构日志: 87557f01
// 同步 ID: 357d7c67 @ Tue Jul 21 04:56:29 UTC 2026
// 同步 ID: f5120992 @ Tue Jul 21 23:26:58 UTC 2026
// 同步 ID: a79e62b2 @ Wed Jul 22 07:54:12 UTC 2026
// 重构日志: 1228450c
// 重构日志: ec6007dd
// 重构日志: d680ffd7
